/*C1*/SET SCHEMA SYSTEM_LOBS
INSERT INTO BLOCKS VALUES(0,2147483647,0)
COMMIT
/*C2*/SET SCHEMA PUBLIC
DROP SCHEMA public CASCADE
DROP TABLE users IF EXISTS
CREATE TABLE users (\u000aid INTEGER GENERATED BY DEFAULT AS IDENTITY PRIMARY KEY,\u000afirst_name varchar(50),\u000alast_name varchar(50) NOT NULL,\u000aemail varchar(50) NOT NULL,\u000anick_name varchar(50) NOT NULL,\u000apassword varchar(50) NOT NULL\u000a)
DROP TABLE posts IF EXISTS
CREATE TABLE posts (\u000aid INTEGER GENERATED BY DEFAULT AS IDENTITY PRIMARY KEY,\u000auser_id integer NOT NULL,\u000acontent varchar(250),\u000acreation_date timestamp,\u000ais_public boolean,\u000aFOREIGN KEY (user_id) REFERENCES users(id)\u000a)
DROP TABLE followers IF EXISTS
CREATE TABLE followers (\u000aid INTEGER GENERATED BY DEFAULT AS IDENTITY PRIMARY KEY,\u000afollower_id integer NOT NULL,\u000afollowed_id integer NOT NULL,\u000aFOREIGN KEY (follower_id) REFERENCES users(id),\u000aFOREIGN KEY (followed_id) REFERENCES users(id)\u000a)
INSERT INTO USERS VALUES(1,'Jan','Kowalski','123@GMAIL.COM','jank','12345678')
COMMIT
INSERT INTO USERS VALUES(2,'Piotr','Nowak','1234@GMAIL.COM','piotrn','12345678')
COMMIT
INSERT INTO USERS VALUES(3,'Random','Name','12345@GMAIL.COM','randomn','12345678')
COMMIT
INSERT INTO USERS VALUES(4,'Popular','Person','123456@GMAIL.COM','popularp','12345678')
COMMIT
INSERT INTO USERS VALUES(5,'Stalker','Alert','1234567@GMAIL.COM','stalkera','12345678')
COMMIT
DROP SCHEMA public CASCADE
DROP TABLE users IF EXISTS
CREATE TABLE users (\u000aid INTEGER GENERATED BY DEFAULT AS IDENTITY PRIMARY KEY,\u000auser_id INTEGER NOT NULL,\u000afirst_name varchar(50),\u000alast_name varchar(50) NOT NULL,\u000aemail varchar(50) NOT NULL,\u000anick_name varchar(50) NOT NULL,\u000apassword varchar(50) NOT NULL\u000a)
DROP TABLE posts IF EXISTS
CREATE TABLE posts (\u000aid INTEGER GENERATED BY DEFAULT AS IDENTITY PRIMARY KEY,\u000auser_id integer NOT NULL,\u000acontent varchar(250),\u000acreation_date timestamp,\u000ais_public boolean,\u000aFOREIGN KEY (user_id) REFERENCES users(id)\u000a)
DROP TABLE followers IF EXISTS
CREATE TABLE followers (\u000aid INTEGER GENERATED BY DEFAULT AS IDENTITY PRIMARY KEY,\u000afollower_id integer NOT NULL,\u000afollowed_id integer NOT NULL,\u000aFOREIGN KEY (follower_id) REFERENCES users(id),\u000aFOREIGN KEY (followed_id) REFERENCES users(id)\u000a)
DROP SCHEMA public CASCADE
DROP TABLE users IF EXISTS
CREATE TABLE users (\u000aid INTEGER GENERATED BY DEFAULT AS IDENTITY PRIMARY KEY,\u000auser_id INTEGER NOT NULL,\u000afirst_name varchar(50),\u000alast_name varchar(50) NOT NULL,\u000aemail varchar(50) NOT NULL,\u000anick_name varchar(50) NOT NULL,\u000apassword varchar(50) NOT NULL\u000a)
DROP TABLE posts IF EXISTS
DROP SCHEMA public CASCADE
DROP TABLE users IF EXISTS
CREATE TABLE users (\u000aid INTEGER GENERATED BY DEFAULT AS IDENTITY PRIMARY KEY,\u000a\u000afirst_name varchar(50),\u000alast_name varchar(50) NOT NULL,\u000aemail varchar(50) NOT NULL,\u000anick_name varchar(50) NOT NULL,\u000apassword varchar(50) NOT NULL\u000a)
DROP TABLE posts IF EXISTS
CREATE TABLE posts (\u000aid INTEGER GENERATED BY DEFAULT AS IDENTITY PRIMARY KEY,\u000auser_id INTEGER NOT NULL,\u000acontent varchar(250),\u000acreation_date timestamp,\u000ais_public boolean,\u000aFOREIGN KEY (user_id) REFERENCES users(id)\u000a)
DROP TABLE followers IF EXISTS
CREATE TABLE followers (\u000aid INTEGER GENERATED BY DEFAULT AS IDENTITY PRIMARY KEY,\u000afollower_id integer NOT NULL,\u000afollowed_id integer NOT NULL,\u000aFOREIGN KEY (follower_id) REFERENCES users(id),\u000aFOREIGN KEY (followed_id) REFERENCES users(id)\u000a)
DISCONNECT
